2026-03-09 07:10:07 [INFO] [gui] Logging initialised → logs\gui.log (level=INFO)
2026-03-09 07:10:07 [INFO] [core.boundary_engine] CameraBoundarySet loaded: cam=0 oc=3 bh=3 pairs=3
2026-03-09 07:10:07 [INFO] [core.boundary_engine] CameraBoundarySet loaded: cam=1 oc=3 bh=3 pairs=3
2026-03-09 07:10:07 [INFO] [core.boundary_engine] CameraBoundarySet loaded: cam=2 oc=3 bh=3 pairs=3
2026-03-09 07:10:07 [INFO] [gui.gui_process] [GUI] PID=1640 starting
2026-03-09 07:10:07 [INFO] [gui.gui_process] [GUI] Display available, launching windows
2026-03-09 07:13:30 [INFO] [gui] Logging initialised → logs\gui.log (level=INFO)
2026-03-09 07:13:30 [INFO] [core.boundary_engine] CameraBoundarySet loaded: cam=0 oc=3 bh=3 pairs=3
2026-03-09 07:13:30 [INFO] [core.boundary_engine] CameraBoundarySet loaded: cam=1 oc=3 bh=3 pairs=3
2026-03-09 07:13:30 [INFO] [core.boundary_engine] CameraBoundarySet loaded: cam=2 oc=3 bh=3 pairs=3
2026-03-09 07:13:30 [INFO] [gui.gui_process] [GUI] PID=3672 starting
2026-03-09 07:13:30 [INFO] [gui.gui_process] [GUI] Display available, launching windows
2026-03-09 13:08:48 [INFO] [gui] Logging initialised → logs\gui.log (level=INFO)
2026-03-09 13:08:48 [INFO] [core.config_loader] Config loaded v2.1: 3 cameras
2026-03-09 13:08:48 [INFO] [core.boundary_engine] CameraBoundarySet loaded: cam=0 oc=3 bh=3 pairs=3
2026-03-09 13:08:48 [INFO] [core.boundary_engine] CameraBoundarySet loaded: cam=1 oc=3 bh=3 pairs=3
2026-03-09 13:08:48 [INFO] [core.boundary_engine] CameraBoundarySet loaded: cam=2 oc=3 bh=3 pairs=3
2026-03-09 13:08:48 [INFO] [gui.unified_gui] [GUI] PID=34720 starting unified dashboard
2026-03-09 13:10:41 [INFO] [gui] Logging initialised → logs\gui.log (level=INFO)
2026-03-09 13:10:41 [INFO] [core.config_loader] Config loaded v2.1: 3 cameras
2026-03-09 13:10:41 [INFO] [core.boundary_engine] CameraBoundarySet loaded: cam=0 oc=3 bh=3 pairs=3
2026-03-09 13:10:41 [INFO] [core.boundary_engine] CameraBoundarySet loaded: cam=1 oc=3 bh=3 pairs=3
2026-03-09 13:10:41 [INFO] [core.boundary_engine] CameraBoundarySet loaded: cam=2 oc=3 bh=3 pairs=3
2026-03-09 13:10:41 [INFO] [gui.unified_gui] [GUI] PID=18816 starting unified dashboard
2026-03-09 13:13:39 [INFO] [gui] Logging initialised → logs\gui.log (level=INFO)
2026-03-09 13:13:39 [INFO] [core.config_loader] Config loaded v2.1: 3 cameras
2026-03-09 13:13:39 [INFO] [core.boundary_engine] CameraBoundarySet loaded: cam=0 oc=3 bh=3 pairs=3
2026-03-09 13:13:39 [INFO] [core.boundary_engine] CameraBoundarySet loaded: cam=1 oc=3 bh=3 pairs=3
2026-03-09 13:13:39 [INFO] [core.boundary_engine] CameraBoundarySet loaded: cam=2 oc=3 bh=3 pairs=3
2026-03-09 13:13:39 [INFO] [gui.unified_gui] [GUI] PID=21716 starting unified dashboard
2026-03-09 16:22:26 [INFO] [gui] Logging initialised → logs\gui.log (level=INFO)
2026-03-09 16:22:26 [INFO] [core.config_loader] Config loaded v2.1: 3 cameras
2026-03-09 16:22:26 [INFO] [core.boundary_engine] CameraBoundarySet loaded: cam=0 oc=3 bh=3 pairs=3
2026-03-09 16:22:26 [INFO] [core.boundary_engine] CameraBoundarySet loaded: cam=1 oc=3 bh=3 pairs=3
2026-03-09 16:22:26 [INFO] [core.boundary_engine] CameraBoundarySet loaded: cam=2 oc=3 bh=3 pairs=3
2026-03-09 16:22:26 [INFO] [gui.unified_gui] [GUI v3] PID=32992
2026-03-09 16:23:20 [INFO] [core.shared_frame] SharedFrameReader connected: cam0_frame
2026-03-09 16:23:20 [INFO] [gui.boundary_editor] Loaded 6 existing boundaries from D:\New folder\pc 3\vision_system\boundaries\camera_0_boundaries.json
2026-03-09 16:23:20 [INFO] [gui.boundary_editor] Boundary editor started for camera 0
2026-03-09 16:23:46 [INFO] [gui.boundary_editor] Boundary editor cancelled
2026-03-09 16:23:48 [INFO] [gui.boundary_editor] Loaded 6 existing boundaries from D:\New folder\pc 3\vision_system\boundaries\camera_0_boundaries.json
2026-03-09 16:23:48 [INFO] [gui.boundary_editor] Boundary editor started for camera 0
2026-03-09 16:24:08 [INFO] [gui.boundary_editor] Closed polygon B6 (5 pts)
2026-03-09 16:24:18 [INFO] [gui.boundary_editor] Closed polygon B7 (3 pts)
2026-03-09 16:24:27 [INFO] [gui.boundary_editor] Closed polygon B8 (5 pts)
2026-03-09 16:24:35 [INFO] [gui.boundary_editor] Closed polygon B9 (4 pts)
2026-03-09 16:24:45 [INFO] [gui.boundary_editor] Closed polygon B10 (4 pts)
2026-03-09 16:24:57 [INFO] [gui.boundary_editor] Boundary editor cancelled
2026-03-10 07:07:44 [INFO] [gui] Logging initialised → logs\gui.log (level=INFO)
2026-03-10 07:07:44 [INFO] [core.config_loader] Config loaded v2.1: 3 cameras
2026-03-10 07:07:44 [INFO] [core.boundary_engine] CameraBoundarySet loaded: cam=0 oc=3 bh=3 pairs=3
2026-03-10 07:07:44 [INFO] [core.boundary_engine] CameraBoundarySet loaded: cam=1 oc=3 bh=3 pairs=3
2026-03-10 07:07:44 [INFO] [core.boundary_engine] CameraBoundarySet loaded: cam=2 oc=3 bh=3 pairs=3
2026-03-10 07:07:44 [INFO] [gui.unified_gui] [GUI v3] PID=28024
2026-03-10 07:08:08 [INFO] [core.shared_frame] SharedFrameReader connected: cam0_frame
2026-03-10 07:08:50 [INFO] [gui.boundary_editor] Loaded 6 existing boundaries from D:\New folder\pc 3\vision_system\boundaries\camera_0_boundaries.json
2026-03-10 07:08:50 [INFO] [gui.boundary_editor] Boundary editor started for camera 0
2026-03-10 07:09:25 [INFO] [gui.boundary_editor] Boundary editor cancelled
2026-03-10 07:15:11 [INFO] [gui] Logging initialised → logs\gui.log (level=INFO)
2026-03-10 07:15:12 [INFO] [core.config_loader] Config loaded v2.1: 3 cameras
2026-03-10 07:15:12 [INFO] [core.boundary_engine] CameraBoundarySet loaded: cam=0 oc=3 bh=3 pairs=3
2026-03-10 07:15:12 [INFO] [core.boundary_engine] CameraBoundarySet loaded: cam=1 oc=3 bh=3 pairs=3
2026-03-10 07:15:12 [INFO] [core.boundary_engine] CameraBoundarySet loaded: cam=2 oc=3 bh=3 pairs=3
2026-03-10 07:15:12 [INFO] [gui.unified_gui] [GUI v3] PID=17992
2026-03-10 07:15:33 [INFO] [core.shared_frame] SharedFrameReader connected: cam0_frame
2026-03-10 07:20:37 [INFO] [gui.boundary_editor] Loaded 6 existing boundaries from D:\New folder\pc 3\vision_system\boundaries\camera_0_boundaries.json
2026-03-10 07:20:37 [INFO] [gui.boundary_editor] Boundary editor started for camera 0
2026-03-10 07:24:36 [INFO] [gui.boundary_editor] Boundary editor cancelled
2026-03-10 07:54:23 [INFO] [gui] Logging initialised → logs\gui.log (level=INFO)
2026-03-10 07:54:24 [INFO] [core.config_loader] Config loaded v2.1: 3 cameras
2026-03-10 07:54:24 [INFO] [core.boundary_engine] CameraBoundarySet loaded: cam=0 oc=3 bh=3 pairs=3
2026-03-10 07:54:24 [INFO] [core.boundary_engine] CameraBoundarySet loaded: cam=1 oc=3 bh=3 pairs=3
2026-03-10 07:54:24 [INFO] [core.boundary_engine] CameraBoundarySet loaded: cam=2 oc=3 bh=3 pairs=3
2026-03-10 07:54:24 [INFO] [gui.unified_gui] [GUI v3.2] PID=27048
2026-03-10 07:54:28 [INFO] [core.shared_frame] SharedFrameReader connected: cam0_frame
2026-03-10 07:54:36 [INFO] [gui.boundary_editor] Loaded 6 boundaries from D:\New folder\pc 3\vision_system\boundaries\camera_0_boundaries.json
2026-03-10 07:54:36 [INFO] [gui.boundary_editor] Boundary editor open — camera 0
2026-03-10 07:55:04 [INFO] [gui.boundary_editor] Boundaries saved → D:\New folder\pc 3\vision_system\boundaries\camera_0_boundaries.json  (3 OC, 3 BH)
2026-03-10 07:55:06 [INFO] [core.boundary_engine] CameraBoundarySet loaded: cam=0 oc=3 bh=3 pairs=3
2026-03-10 07:55:06 [INFO] [gui.unified_gui] [GUI] Boundaries saved cam 0, reload signalled
2026-03-10 07:55:19 [INFO] [gui.boundary_editor] Loaded 6 boundaries from D:\New folder\pc 3\vision_system\boundaries\camera_0_boundaries.json
2026-03-10 07:55:19 [INFO] [gui.boundary_editor] Boundary editor open — camera 0
2026-03-10 08:04:45 [INFO] [gui] Logging initialised → logs\gui.log (level=INFO)
2026-03-10 08:04:45 [INFO] [core.config_loader] Config loaded v2.1: 3 cameras
2026-03-10 08:04:45 [INFO] [core.boundary_engine] CameraBoundarySet loaded: cam=0 oc=3 bh=3 pairs=3
2026-03-10 08:04:45 [INFO] [core.boundary_engine] CameraBoundarySet loaded: cam=1 oc=3 bh=3 pairs=3
2026-03-10 08:04:45 [INFO] [core.boundary_engine] CameraBoundarySet loaded: cam=2 oc=3 bh=3 pairs=3
2026-03-10 08:04:45 [INFO] [gui.unified_gui] [GUI v3.2] PID=19552
2026-03-10 08:04:55 [INFO] [core.shared_frame] SharedFrameReader connected: cam0_frame
2026-03-10 08:04:58 [INFO] [gui.boundary_editor] Loaded 6 boundaries from D:\New folder\pc 3\vision_system\boundaries\camera_0_boundaries.json
2026-03-10 08:04:58 [INFO] [gui.boundary_editor] Boundary editor open — camera 0
2026-03-10 08:05:24 [INFO] [gui.boundary_editor] Closed polygon OC1 (5 pts)
2026-03-10 08:05:35 [INFO] [gui.boundary_editor] Closed polygon OC2 (5 pts)
2026-03-10 08:05:46 [INFO] [gui.boundary_editor] Closed polygon OC3 (5 pts)
2026-03-10 08:05:56 [INFO] [gui.boundary_editor] Closed polygon BH1 (3 pts)
2026-03-10 08:06:05 [INFO] [gui.boundary_editor] Closed polygon BH2 (4 pts)
2026-03-10 08:06:19 [INFO] [gui.boundary_editor] Closed polygon BH3 (8 pts)
2026-03-10 08:06:48 [INFO] [gui.boundary_editor] Closed polygon BH1 (24 pts)
2026-03-10 08:06:52 [INFO] [gui.boundary_editor] Boundaries saved → D:\New folder\pc 3\vision_system\boundaries\camera_0_boundaries.json  (3 OC, 3 BH)
2026-03-10 08:06:53 [INFO] [core.boundary_engine] CameraBoundarySet loaded: cam=0 oc=3 bh=3 pairs=3
2026-03-10 08:06:53 [INFO] [gui.unified_gui] [GUI] Boundaries saved cam 0, reload signalled
2026-03-10 08:06:58 [INFO] [core.shared_frame] SharedFrameReader connected: cam1_frame
2026-03-10 08:07:00 [INFO] [gui.boundary_editor] Loaded 6 boundaries from D:\New folder\pc 3\vision_system\boundaries\camera_1_boundaries.json
2026-03-10 08:07:00 [INFO] [gui.boundary_editor] Boundary editor open — camera 1
2026-03-10 08:07:10 [INFO] [gui.boundary_editor] Closed polygon BH3 (4 pts)
2026-03-10 08:07:32 [INFO] [gui.boundary_editor] All boundaries cleared
2026-03-10 08:07:41 [INFO] [core.shared_frame] SharedFrameReader connected: cam2_frame
2026-03-10 08:08:08 [INFO] [gui.boundary_editor] Loaded 6 boundaries from D:\New folder\pc 3\vision_system\boundaries\camera_1_boundaries.json
2026-03-10 08:08:08 [INFO] [gui.boundary_editor] Boundary editor open — camera 1
2026-03-10 08:08:12 [INFO] [gui.boundary_editor] All boundaries cleared
2026-03-10 08:08:16 [INFO] [gui.boundary_editor] Closed polygon OC1 (4 pts)
2026-03-10 08:08:20 [INFO] [gui.boundary_editor] Closed polygon OC2 (3 pts)
2026-03-10 08:08:24 [INFO] [gui.boundary_editor] Closed polygon OC3 (3 pts)
2026-03-10 08:08:30 [INFO] [gui.boundary_editor] Closed polygon BH1 (6 pts)
2026-03-10 08:08:35 [INFO] [gui.boundary_editor] Closed polygon BH2 (4 pts)
2026-03-10 08:08:41 [INFO] [gui.boundary_editor] Closed polygon BH3 (5 pts)
2026-03-10 08:08:45 [INFO] [gui.boundary_editor] Boundaries saved → D:\New folder\pc 3\vision_system\boundaries\camera_1_boundaries.json  (3 OC, 3 BH)
2026-03-10 08:08:46 [INFO] [core.boundary_engine] CameraBoundarySet loaded: cam=1 oc=3 bh=3 pairs=3
2026-03-10 08:08:46 [INFO] [gui.unified_gui] [GUI] Boundaries saved cam 1, reload signalled
2026-03-10 08:08:49 [INFO] [gui.boundary_editor] Loaded 6 boundaries from D:\New folder\pc 3\vision_system\boundaries\camera_2_boundaries.json
2026-03-10 08:08:49 [INFO] [gui.boundary_editor] Boundary editor open — camera 2
2026-03-10 08:08:54 [INFO] [gui.boundary_editor] All boundaries cleared
2026-03-10 08:08:59 [INFO] [gui.boundary_editor] Closed polygon OC1 (5 pts)
2026-03-10 08:09:04 [INFO] [gui.boundary_editor] Closed polygon OC2 (3 pts)
2026-03-10 08:09:10 [INFO] [gui.boundary_editor] Closed polygon OC3 (4 pts)
2026-03-10 08:09:16 [INFO] [gui.boundary_editor] Closed polygon BH1 (4 pts)
2026-03-10 08:09:20 [INFO] [gui.boundary_editor] Closed polygon BH2 (3 pts)
2026-03-10 08:09:26 [INFO] [gui.boundary_editor] Closed polygon BH3 (4 pts)
2026-03-10 08:09:28 [INFO] [gui.boundary_editor] Boundaries saved → D:\New folder\pc 3\vision_system\boundaries\camera_2_boundaries.json  (3 OC, 3 BH)
2026-03-10 08:09:29 [INFO] [core.boundary_engine] CameraBoundarySet loaded: cam=2 oc=3 bh=3 pairs=3
2026-03-10 08:09:29 [INFO] [gui.unified_gui] [GUI] Boundaries saved cam 2, reload signalled
2026-03-10 08:10:45 [INFO] [gui] Logging initialised → logs\gui.log (level=INFO)
2026-03-10 08:10:45 [INFO] [core.config_loader] Config loaded v2.1: 3 cameras
2026-03-10 08:10:45 [INFO] [core.boundary_engine] CameraBoundarySet loaded: cam=0 oc=3 bh=3 pairs=3
2026-03-10 08:10:45 [INFO] [core.boundary_engine] CameraBoundarySet loaded: cam=1 oc=3 bh=3 pairs=3
2026-03-10 08:10:45 [INFO] [core.boundary_engine] CameraBoundarySet loaded: cam=2 oc=3 bh=3 pairs=3
2026-03-10 08:10:45 [INFO] [gui.unified_gui] [GUI v3.2] PID=34720
2026-03-10 08:10:48 [INFO] [core.shared_frame] SharedFrameReader connected: cam0_frame
